2022-11-19 11:49:03,034 [DEBUG] lesson_lib.prepare_image prepare_image(25): Начало обработки
2022-11-19 11:49:03,067 [DEBUG] lesson_lib.prepare_image prepare_image(33): Сконвертировано
2022-11-19 11:49:03,610 [DEBUG] lesson_lib.prepare_image prepare_image(25): Начало обработки
2022-11-19 11:49:03,619 [DEBUG] lesson_lib.prepare_image prepare_image(33): Сконвертировано
2022-11-19 11:49:03,862 [DEBUG] lesson_lib.prepare_image prepare_image(25): Начало обработки
2022-11-19 11:49:03,868 [DEBUG] lesson_lib.prepare_image prepare_image(33): Сконвертировано
2022-11-19 11:49:04,085 [DEBUG] lesson_lib.prepare_image prepare_image(25): Начало обработки
2022-11-19 11:49:04,093 [DEBUG] lesson_lib.prepare_image prepare_image(33): Сконвертировано
2022-11-19 11:49:31,597 [DEBUG] lesson_lib.predict_number predict_number(24): Открыт файл изображения
2022-11-19 11:49:31,597 [DEBUG] lesson_lib.predict_number predict_number(32): Перед обработкой изображения для lum 128
2022-11-19 11:49:31,597 [DEBUG] lesson_lib.prepare_image prepare_image(25): Начало обработки
2022-11-19 11:49:31,637 [DEBUG] lesson_lib.prepare_image prepare_image(33): Сконвертировано
2022-11-19 11:49:31,678 [DEBUG] lesson_lib.predict_number predict_number(34): Изображение получено для lum 128
2022-11-19 11:49:31,678 [DEBUG] lesson_lib.predict_number predict_number(36): Обработано изображение для lum 128
2022-11-19 11:49:31,873 [DEBUG] lesson_lib.predict_number predict_number(41): Предсказание выполнено для lum 128
2022-11-19 11:49:31,873 [DEBUG] lesson_lib.predict_number predict_number(32): Перед обработкой изображения для lum 160
2022-11-19 11:49:31,873 [DEBUG] lesson_lib.prepare_image prepare_image(25): Начало обработки
2022-11-19 11:49:31,876 [DEBUG] lesson_lib.prepare_image prepare_image(33): Сконвертировано
2022-11-19 11:49:31,901 [DEBUG] lesson_lib.predict_number predict_number(34): Изображение получено для lum 160
2022-11-19 11:49:31,901 [DEBUG] lesson_lib.predict_number predict_number(36): Обработано изображение для lum 160
2022-11-19 11:49:31,944 [DEBUG] lesson_lib.predict_number predict_number(41): Предсказание выполнено для lum 160
2022-11-19 11:49:31,945 [DEBUG] lesson_lib.predict_number predict_number(32): Перед обработкой изображения для lum 192
2022-11-19 11:49:31,945 [DEBUG] lesson_lib.prepare_image prepare_image(25): Начало обработки
2022-11-19 11:49:31,948 [DEBUG] lesson_lib.prepare_image prepare_image(33): Сконвертировано
2022-11-19 11:49:31,970 [DEBUG] lesson_lib.predict_number predict_number(34): Изображение получено для lum 192
2022-11-19 11:49:31,970 [DEBUG] lesson_lib.predict_number predict_number(36): Обработано изображение для lum 192
2022-11-19 11:49:32,041 [DEBUG] lesson_lib.predict_number predict_number(41): Предсказание выполнено для lum 192
2022-11-19 11:49:32,041 [DEBUG] lesson_lib.predict_number predict_number(32): Перед обработкой изображения для lum 224
2022-11-19 11:49:32,041 [DEBUG] lesson_lib.prepare_image prepare_image(25): Начало обработки
2022-11-19 11:49:32,044 [DEBUG] lesson_lib.prepare_image prepare_image(33): Сконвертировано
2022-11-19 11:49:32,066 [DEBUG] lesson_lib.predict_number predict_number(34): Изображение получено для lum 224
2022-11-19 11:49:32,066 [DEBUG] lesson_lib.predict_number predict_number(36): Обработано изображение для lum 224
2022-11-19 11:49:32,114 [DEBUG] lesson_lib.predict_number predict_number(41): Предсказание выполнено для lum 224
2022-11-19 11:49:32,114 [DEBUG] lesson_lib.predict_number predict_number(53): Перед конвертацией в Image
2022-11-19 11:49:32,114 [DEBUG] lesson_lib.predict_number predict_number(59): Перед сохранением в BytesIO
2022-11-19 11:49:32,115 [DEBUG] lesson_lib.predict_number predict_number(62): Перед получением значения bytes
2022-11-19 11:49:32,115 [DEBUG] lesson_lib.predict_number predict_number(67): Перед возвратом результата: [5, 0.99493647]
2022-11-19 11:49:32,115 [DEBUG] main create_file(34): Перед MultipartEncoder
2022-11-19 11:49:32,115 [DEBUG] main create_file(41): content_type: multipart/form-data; boundary=d917f6e7df4d4bf1afc549a7c72b26a4
